2024-12-28 19:02:16,054 - root - INFO - initiate the data ingestion process
2024-12-28 19:02:20,402 - root - INFO - Preforming Train-Test split on the data
2024-12-28 19:02:20,402 - root - INFO - Exited split_data_as_train_test method of DataIngestion class
2024-12-28 19:02:20,402 - root - INFO - Exporting train and test file path
2024-12-28 19:02:20,444 - root - INFO - Exported train and test file path
2024-12-28 19:02:20,444 - root - INFO - Data ingestion process completed successfully
2024-12-28 19:02:20,449 - root - INFO - initiate the data validation process
2024-12-28 19:02:20,457 - root - INFO - Required number of columns:2
2024-12-28 19:02:20,458 - root - INFO - Data frame has columns:31
2024-12-28 19:02:20,458 - root - INFO - Required number of columns:2
2024-12-28 19:02:20,458 - root - INFO - Data frame has columns:31
2024-12-28 19:02:20,499 - root - INFO - Data validation process completed successfully
2024-12-28 19:02:20,499 - root - INFO - initiate the data transformation process
2024-12-28 19:02:20,499 - root - INFO - Entered initiate_data_transformation method of DataTransformation class
2024-12-28 19:02:20,499 - root - INFO - Starting data transformation
2024-12-28 19:02:20,509 - root - INFO - Entered get_data_trnasformer_object method of Trnasformation class
2024-12-28 19:02:20,509 - root - INFO - Initialise KNNImputer with {'missing_values': nan, 'n_neighbors': 3, 'weights': 'uniform'}
2024-12-28 19:02:20,515 - root - INFO - Entered the save_object method of MainUtils class
2024-12-28 19:02:20,516 - root - INFO - Exited the save_object method of MainUtils class
2024-12-28 19:02:20,516 - root - INFO - Entered the save_object method of MainUtils class
2024-12-28 19:02:20,518 - root - INFO - Exited the save_object method of MainUtils class
2024-12-28 19:02:20,519 - root - INFO - Data transformation process completed successfully
2024-12-28 19:02:20,519 - root - INFO - initiate the model training process
2024-12-28 19:03:38,483 - root - INFO - Entered the save_object method of MainUtils class
2024-12-28 19:03:38,484 - root - INFO - Exited the save_object method of MainUtils class
2024-12-28 19:03:38,484 - root - INFO - Entered the save_object method of MainUtils class
2024-12-28 19:03:38,496 - root - INFO - Exited the save_object method of MainUtils class
2024-12-28 19:03:38,496 - root - INFO - Model trainer artifact: ModelTrainerArtifact(trained_model_file_path='Artifacts\\12_28_2024_19_02_08\\model_trainer\\trained_model\\model.pkl', train_metric_artifact=ClassificationMetricArtifact(f1_score=0.9950940310711366, precision_score=0.994281045751634, recall_score=0.9959083469721768), test_metric_artifact=ClassificationMetricArtifact(f1_score=0.9950940310711366, precision_score=0.994281045751634, recall_score=0.9959083469721768))
2024-12-28 19:03:38,497 - root - INFO - Model training process completed successfully
