2024-12-28 19:15:20,610 - httpx - INFO - HTTP Request: GET https://dagshub.com/api/v1/user "HTTP/1.1 200 OK"
2024-12-28 19:15:20,615 - dagshub - INFO - Accessing as yotambraun
2024-12-28 19:15:20,833 - httpx - INFO - HTTP Request: GET https://dagshub.com/api/v1/repos/yotambraun/networksecuirty "HTTP/1.1 200 OK"
2024-12-28 19:15:21,048 - httpx - INFO - HTTP Request: GET https://dagshub.com/api/v1/user "HTTP/1.1 200 OK"
2024-12-28 19:15:21,049 - dagshub - INFO - Initialized MLflow to track repo "yotambraun/networksecuirty"
2024-12-28 19:15:21,050 - dagshub - INFO - Repository yotambraun/networksecuirty initialized!
2024-12-28 19:15:21,050 - root - INFO - initiate the data ingestion process
2024-12-28 19:15:25,686 - root - INFO - Preforming Train-Test split on the data
2024-12-28 19:15:25,686 - root - INFO - Exited split_data_as_train_test method of DataIngestion class
2024-12-28 19:15:25,687 - root - INFO - Exporting train and test file path
2024-12-28 19:15:25,723 - root - INFO - Exported train and test file path
2024-12-28 19:15:25,723 - root - INFO - Data ingestion process completed successfully
2024-12-28 19:15:25,728 - root - INFO - initiate the data validation process
2024-12-28 19:15:25,735 - root - INFO - Required number of columns:2
2024-12-28 19:15:25,735 - root - INFO - Data frame has columns:31
2024-12-28 19:15:25,735 - root - INFO - Required number of columns:2
2024-12-28 19:15:25,735 - root - INFO - Data frame has columns:31
2024-12-28 19:15:25,770 - root - INFO - Data validation process completed successfully
2024-12-28 19:15:25,770 - root - INFO - initiate the data transformation process
2024-12-28 19:15:25,770 - root - INFO - Entered initiate_data_transformation method of DataTransformation class
2024-12-28 19:15:25,770 - root - INFO - Starting data transformation
2024-12-28 19:15:25,778 - root - INFO - Entered get_data_trnasformer_object method of Trnasformation class
2024-12-28 19:15:25,779 - root - INFO - Initialise KNNImputer with {'missing_values': nan, 'n_neighbors': 3, 'weights': 'uniform'}
2024-12-28 19:15:25,784 - root - INFO - Entered the save_object method of MainUtils class
2024-12-28 19:15:25,785 - root - INFO - Exited the save_object method of MainUtils class
2024-12-28 19:15:25,785 - root - INFO - Entered the save_object method of MainUtils class
2024-12-28 19:15:25,786 - root - INFO - Exited the save_object method of MainUtils class
2024-12-28 19:15:25,786 - root - INFO - Data transformation process completed successfully
2024-12-28 19:15:25,786 - root - INFO - initiate the model training process
