2024-12-28 20:13:11,163 - httpx - INFO - HTTP Request: GET https://dagshub.com/api/v1/user "HTTP/1.1 200 OK"
2024-12-28 20:13:11,167 - dagshub - INFO - Accessing as yotambraun
2024-12-28 20:13:11,392 - httpx - INFO - HTTP Request: GET https://dagshub.com/api/v1/repos/yotambraun/networksecuirty "HTTP/1.1 200 OK"
2024-12-28 20:13:11,598 - httpx - INFO - HTTP Request: GET https://dagshub.com/api/v1/user "HTTP/1.1 200 OK"
2024-12-28 20:13:11,600 - dagshub - INFO - Initialized MLflow to track repo "yotambraun/networksecuirty"
2024-12-28 20:13:11,601 - dagshub - INFO - Repository yotambraun/networksecuirty initialized!
2024-12-28 20:13:24,337 - root - INFO - Start data Ingestion
2024-12-28 20:13:28,673 - root - INFO - Preforming Train-Test split on the data
2024-12-28 20:13:28,673 - root - INFO - Exited split_data_as_train_test method of DataIngestion class
2024-12-28 20:13:28,674 - root - INFO - Exporting train and test file path
2024-12-28 20:13:28,720 - root - INFO - Exported train and test file path
2024-12-28 20:13:28,720 - root - INFO - Data Ingestion completed and artifact: DataIngestionArtifact(trained_file_path='Artifacts\\12_28_2024_20_13_08\\data_ingestion\\ingested\\train.csv', test_file_path='Artifacts\\12_28_2024_20_13_08\\data_ingestion\\ingested\\train.csv')
2024-12-28 20:13:28,725 - root - INFO - Initiate the data Validation
2024-12-28 20:13:28,736 - root - INFO - Required number of columns:2
2024-12-28 20:13:28,736 - root - INFO - Data frame has columns:31
2024-12-28 20:13:28,736 - root - INFO - Required number of columns:2
2024-12-28 20:13:28,736 - root - INFO - Data frame has columns:31
2024-12-28 20:13:28,789 - root - INFO - Entered initiate_data_transformation method of DataTransformation class
2024-12-28 20:13:28,789 - root - INFO - Starting data transformation
2024-12-28 20:13:28,801 - root - INFO - Entered get_data_trnasformer_object method of Trnasformation class
2024-12-28 20:13:28,801 - root - INFO - Initialise KNNImputer with {'missing_values': nan, 'n_neighbors': 3, 'weights': 'uniform'}
2024-12-28 20:13:28,811 - root - INFO - Entered the save_object method of MainUtils class
2024-12-28 20:13:28,813 - root - INFO - Exited the save_object method of MainUtils class
2024-12-28 20:13:28,813 - root - INFO - Entered the save_object method of MainUtils class
2024-12-28 20:13:28,814 - root - INFO - Exited the save_object method of MainUtils class
2024-12-28 20:15:03,676 - root - INFO - Entered the save_object method of MainUtils class
2024-12-28 20:15:03,676 - root - INFO - Exited the save_object method of MainUtils class
2024-12-28 20:15:03,676 - root - INFO - Entered the save_object method of MainUtils class
2024-12-28 20:15:03,683 - root - INFO - Exited the save_object method of MainUtils class
2024-12-28 20:15:03,684 - root - INFO - Model trainer artifact: ModelTrainerArtifact(trained_model_file_path='Artifacts\\12_28_2024_20_13_08\\model_trainer\\trained_model\\model.pkl', train_metric_artifact=ClassificationMetricArtifact(f1_score=0.9944, precision_score=0.9904382470119522, recall_score=0.9983935742971888), test_metric_artifact=ClassificationMetricArtifact(f1_score=0.9944, precision_score=0.9904382470119522, recall_score=0.9983935742971888))
