2024-12-28 19:21:59,242 - httpx - INFO - HTTP Request: GET https://dagshub.com/api/v1/user "HTTP/1.1 200 OK"
2024-12-28 19:21:59,252 - dagshub - INFO - Accessing as yotambraun
2024-12-28 19:21:59,509 - httpx - INFO - HTTP Request: GET https://dagshub.com/api/v1/repos/yotambraun/networksecuirty "HTTP/1.1 200 OK"
2024-12-28 19:21:59,725 - httpx - INFO - HTTP Request: GET https://dagshub.com/api/v1/user "HTTP/1.1 200 OK"
2024-12-28 19:21:59,731 - dagshub - INFO - Initialized MLflow to track repo "yotambraun/networksecuirty"
2024-12-28 19:21:59,733 - dagshub - INFO - Repository yotambraun/networksecuirty initialized!
2024-12-28 19:21:59,743 - root - INFO - initiate the data ingestion process
2024-12-28 19:22:04,401 - root - INFO - Preforming Train-Test split on the data
2024-12-28 19:22:04,401 - root - INFO - Exited split_data_as_train_test method of DataIngestion class
2024-12-28 19:22:04,402 - root - INFO - Exporting train and test file path
2024-12-28 19:22:04,439 - root - INFO - Exported train and test file path
2024-12-28 19:22:04,439 - root - INFO - Data ingestion process completed successfully
2024-12-28 19:22:04,445 - root - INFO - initiate the data validation process
2024-12-28 19:22:04,452 - root - INFO - Required number of columns:2
2024-12-28 19:22:04,452 - root - INFO - Data frame has columns:31
2024-12-28 19:22:04,452 - root - INFO - Required number of columns:2
2024-12-28 19:22:04,452 - root - INFO - Data frame has columns:31
2024-12-28 19:22:04,489 - root - INFO - Data validation process completed successfully
2024-12-28 19:22:04,489 - root - INFO - initiate the data transformation process
2024-12-28 19:22:04,490 - root - INFO - Entered initiate_data_transformation method of DataTransformation class
2024-12-28 19:22:04,490 - root - INFO - Starting data transformation
2024-12-28 19:22:04,497 - root - INFO - Entered get_data_trnasformer_object method of Trnasformation class
2024-12-28 19:22:04,497 - root - INFO - Initialise KNNImputer with {'missing_values': nan, 'n_neighbors': 3, 'weights': 'uniform'}
2024-12-28 19:22:04,503 - root - INFO - Entered the save_object method of MainUtils class
2024-12-28 19:22:04,504 - root - INFO - Exited the save_object method of MainUtils class
2024-12-28 19:22:04,504 - root - INFO - Entered the save_object method of MainUtils class
2024-12-28 19:22:04,505 - root - INFO - Exited the save_object method of MainUtils class
2024-12-28 19:22:04,505 - root - INFO - Data transformation process completed successfully
2024-12-28 19:22:04,506 - root - INFO - initiate the model training process
2024-12-28 19:23:33,367 - root - INFO - Entered the save_object method of MainUtils class
2024-12-28 19:23:33,369 - root - INFO - Exited the save_object method of MainUtils class
2024-12-28 19:23:33,369 - root - INFO - Entered the save_object method of MainUtils class
2024-12-28 19:23:33,371 - root - INFO - Exited the save_object method of MainUtils class
2024-12-28 19:23:33,371 - root - INFO - Model trainer artifact: ModelTrainerArtifact(trained_model_file_path='Artifacts\\12_28_2024_19_21_56\\model_trainer\\trained_model\\model.pkl', train_metric_artifact=ClassificationMetricArtifact(f1_score=0.9958677685950413, precision_score=0.9966914805624483, recall_score=0.9950454170107349), test_metric_artifact=ClassificationMetricArtifact(f1_score=0.9958677685950413, precision_score=0.9966914805624483, recall_score=0.9950454170107349))
2024-12-28 19:23:33,371 - root - INFO - Model training process completed successfully
