2024-12-28 20:03:56,539 - httpx - INFO - HTTP Request: GET https://dagshub.com/api/v1/user "HTTP/1.1 200 OK"
2024-12-28 20:03:56,543 - dagshub - INFO - Accessing as yotambraun
2024-12-28 20:03:56,775 - httpx - INFO - HTTP Request: GET https://dagshub.com/api/v1/repos/yotambraun/networksecuirty "HTTP/1.1 200 OK"
2024-12-28 20:03:56,984 - httpx - INFO - HTTP Request: GET https://dagshub.com/api/v1/user "HTTP/1.1 200 OK"
2024-12-28 20:03:56,985 - dagshub - INFO - Initialized MLflow to track repo "yotambraun/networksecuirty"
2024-12-28 20:03:56,986 - dagshub - INFO - Repository yotambraun/networksecuirty initialized!
2024-12-28 20:05:30,401 - root - INFO - Start data Ingestion
2024-12-28 20:05:34,839 - root - INFO - Preforming Train-Test split on the data
2024-12-28 20:05:34,839 - root - INFO - Exited split_data_as_train_test method of DataIngestion class
2024-12-28 20:05:34,840 - root - INFO - Exporting train and test file path
2024-12-28 20:05:34,881 - root - INFO - Exported train and test file path
2024-12-28 20:05:34,882 - root - INFO - Data Ingestion completed and artifact: DataIngestionArtifact(trained_file_path='Artifacts\\12_28_2024_20_03_53\\data_ingestion\\ingested\\train.csv', test_file_path='Artifacts\\12_28_2024_20_03_53\\data_ingestion\\ingested\\train.csv')
2024-12-28 20:05:34,886 - root - INFO - Initiate the data Validation
2024-12-28 20:05:34,893 - root - INFO - Required number of columns:2
2024-12-28 20:05:34,893 - root - INFO - Data frame has columns:31
2024-12-28 20:05:34,893 - root - INFO - Required number of columns:2
2024-12-28 20:05:34,893 - root - INFO - Data frame has columns:31
2024-12-28 20:05:34,931 - root - INFO - Entered initiate_data_transformation method of DataTransformation class
2024-12-28 20:05:34,931 - root - INFO - Starting data transformation
2024-12-28 20:05:34,941 - root - INFO - Entered get_data_trnasformer_object method of Trnasformation class
2024-12-28 20:05:34,941 - root - INFO - Initialise KNNImputer with {'missing_values': nan, 'n_neighbors': 3, 'weights': 'uniform'}
2024-12-28 20:05:34,958 - root - INFO - Entered the save_object method of MainUtils class
2024-12-28 20:05:34,959 - root - INFO - Exited the save_object method of MainUtils class
2024-12-28 20:05:34,959 - root - INFO - Entered the save_object method of MainUtils class
2024-12-28 20:05:34,960 - root - INFO - Exited the save_object method of MainUtils class
2024-12-28 20:07:09,131 - root - INFO - Entered the save_object method of MainUtils class
2024-12-28 20:07:09,132 - root - INFO - Exited the save_object method of MainUtils class
2024-12-28 20:07:09,132 - root - INFO - Entered the save_object method of MainUtils class
2024-12-28 20:07:09,145 - root - INFO - Exited the save_object method of MainUtils class
2024-12-28 20:07:09,146 - root - INFO - Model trainer artifact: ModelTrainerArtifact(trained_model_file_path='Artifacts\\12_28_2024_20_03_53\\model_trainer\\trained_model\\model.pkl', train_metric_artifact=ClassificationMetricArtifact(f1_score=0.993029930299303, precision_score=0.9942528735632183, recall_score=0.9918099918099919), test_metric_artifact=ClassificationMetricArtifact(f1_score=0.993029930299303, precision_score=0.9942528735632183, recall_score=0.9918099918099919))
