2024-12-28 18:37:55,708 - root - INFO - initiate the data ingestion process
2024-12-28 18:38:00,107 - root - INFO - Preforming Train-Test split on the data
2024-12-28 18:38:00,107 - root - INFO - Exited split_data_as_train_test method of DataIngestion class
2024-12-28 18:38:00,107 - root - INFO - Exporting train and test file path
2024-12-28 18:38:00,145 - root - INFO - Exported train and test file path
2024-12-28 18:38:00,146 - root - INFO - Data ingestion process completed successfully
2024-12-28 18:38:00,151 - root - INFO - initiate the data validation process
2024-12-28 18:38:00,157 - root - INFO - Required number of columns:2
2024-12-28 18:38:00,157 - root - INFO - Data frame has columns:31
2024-12-28 18:38:00,157 - root - INFO - Required number of columns:2
2024-12-28 18:38:00,157 - root - INFO - Data frame has columns:31
2024-12-28 18:38:00,193 - root - INFO - Data validation process completed successfully
2024-12-28 18:38:00,193 - root - INFO - initiate the data transformation process
2024-12-28 18:38:00,193 - root - INFO - Entered initiate_data_transformation method of DataTransformation class
2024-12-28 18:38:00,193 - root - INFO - Starting data transformation
2024-12-28 18:38:00,203 - root - INFO - Entered get_data_trnasformer_object method of Trnasformation class
2024-12-28 18:38:00,203 - root - INFO - Initialise KNNImputer with {'missing_values': nan, 'n_neighbors': 3, 'weights': 'uniform'}
2024-12-28 18:38:00,210 - root - INFO - Entered the save_object method of MainUtils class
2024-12-28 18:38:00,212 - root - INFO - Exited the save_object method of MainUtils class
2024-12-28 18:38:00,212 - root - INFO - Entered the save_object method of MainUtils class
2024-12-28 18:38:00,212 - root - INFO - Exited the save_object method of MainUtils class
2024-12-28 18:38:00,213 - root - INFO - Data transformation process completed successfully
