2024-12-28 19:13:03,425 - httpx - INFO - HTTP Request: POST https://dagshub.com/login/oauth/middleman "HTTP/1.1 200 OK"
2024-12-28 19:13:03,661 - httpx - INFO - HTTP Request: POST https://dagshub.com/login/oauth/access_token "HTTP/1.1 200 OK"
2024-12-28 19:13:03,868 - httpx - INFO - HTTP Request: GET https://dagshub.com/api/v1/user "HTTP/1.1 200 OK"
2024-12-28 19:13:03,871 - dagshub - INFO - Accessing as yotambraun
2024-12-28 19:13:04,116 - httpx - INFO - HTTP Request: GET https://dagshub.com/api/v1/repos/yotambraun/networksecuirty "HTTP/1.1 200 OK"
2024-12-28 19:13:04,326 - httpx - INFO - HTTP Request: GET https://dagshub.com/api/v1/user "HTTP/1.1 200 OK"
2024-12-28 19:13:04,328 - dagshub - INFO - Initialized MLflow to track repo "yotambraun/networksecuirty"
2024-12-28 19:13:04,329 - dagshub - INFO - Repository yotambraun/networksecuirty initialized!
2024-12-28 19:13:04,329 - root - INFO - initiate the data ingestion process
2024-12-28 19:13:08,522 - root - INFO - Preforming Train-Test split on the data
2024-12-28 19:13:08,522 - root - INFO - Exited split_data_as_train_test method of DataIngestion class
2024-12-28 19:13:08,523 - root - INFO - Exporting train and test file path
2024-12-28 19:13:08,562 - root - INFO - Exported train and test file path
2024-12-28 19:13:08,562 - root - INFO - Data ingestion process completed successfully
2024-12-28 19:13:08,571 - root - INFO - initiate the data validation process
2024-12-28 19:13:08,580 - root - INFO - Required number of columns:2
2024-12-28 19:13:08,580 - root - INFO - Data frame has columns:31
2024-12-28 19:13:08,580 - root - INFO - Required number of columns:2
2024-12-28 19:13:08,580 - root - INFO - Data frame has columns:31
2024-12-28 19:13:08,619 - root - INFO - Data validation process completed successfully
2024-12-28 19:13:08,620 - root - INFO - initiate the data transformation process
2024-12-28 19:13:08,620 - root - INFO - Entered initiate_data_transformation method of DataTransformation class
2024-12-28 19:13:08,620 - root - INFO - Starting data transformation
2024-12-28 19:13:08,629 - root - INFO - Entered get_data_trnasformer_object method of Trnasformation class
2024-12-28 19:13:08,629 - root - INFO - Initialise KNNImputer with {'missing_values': nan, 'n_neighbors': 3, 'weights': 'uniform'}
2024-12-28 19:13:08,637 - root - INFO - Entered the save_object method of MainUtils class
2024-12-28 19:13:08,638 - root - INFO - Exited the save_object method of MainUtils class
2024-12-28 19:13:08,638 - root - INFO - Entered the save_object method of MainUtils class
2024-12-28 19:13:08,639 - root - INFO - Exited the save_object method of MainUtils class
2024-12-28 19:13:08,639 - root - INFO - Data transformation process completed successfully
2024-12-28 19:13:08,640 - root - INFO - initiate the model training process
